<?xml version="1.0" encoding="UTF-8" ?>
<testsuites disabled="0" errors="0" failures="0" tests="11" time="66.789">
 <testsuite name="Physician Search Features" timestamp="2020-03-13T18:38:44" hostname="localhost" time="66.789" errors="0" tests="11" skipped="0" disabled="0" failures="0">
  <testcase classname="Physician Search Features" name="Scrolling to bottom of the page and Verify &quot;show more results&quot; button" time="28.334" />
  <testcase classname="Physician Search Features" name="Click on &quot;show more results&quot; button and validate the count of doctorList" time="2.323" />
  <testcase classname="Physician Search Features" name="Scroll back to top and Enter Valid Location inputfield" time="1.479" />
  <testcase classname="Physician Search Features" name="Select Entry from suggestions and click on search button" time="2.377" />
  <testcase classname="Physician Search Features" name="Check Online Bookable Checkbox and Validate the timeFrame Element is Visble" time="0.522" />
  <testcase classname="Physician Search Features" name="Click on Search Button and Validate physicians with online bookable appointments are displayed" time="1.271" />
  <testcase classname="Physician Search Features" name="Check „Video-Conference“-Checkbox, empty the &quot;Name&quot; inputfield and click the „Search Button“ Validate physician with Video Conference" time="1.578" />
  <testcase classname="Physician Search Features" name="Uncheck „Video-Conference“ Checkbox, check „Barrier-Free“ Checkbox and click search button then Validate barrier-free state are displayed" time="6.299" />
  <testcase classname="Physician Search Features" name="Check the „Alphabetical-Sort“ option in the sorting section and validate that data should be sorted by physician lastname" time="6.291" />
  <testcase classname="Physician Search Features" name="Check the „Distance-Sort“ option in the sorting section and validate sorted by relative distance" time="9.552" />
  <testcase classname="Physician Search Features" name="Drage the Slide bar and Release " time="6.757" />
 </testsuite>
</testsuites>